<?xml version="1.0" encoding="UTF-8"?>
<!-- Generated by org.testng.reporters.JUnitXMLReporter -->
<testsuite ignored="10" hostname="SHRI-PC" failures="1" tests="6" name="Surefire test" time="22.237" errors="0" timestamp="2022-08-30T12:47:58 IST">
  <testcase classname="com.tests.HomeTest" name="verifyBookTitles" time="0.592"/>
  <testcase classname="com.tests.HomeTest" name="verifyHomePageThreeSliders" time="0.044"/>
  <testcase classname="com.tests.HomeTest" name="verifyTitle" time="0.015">
    <failure type="java.lang.AssertionError" message="expected [Automation Practice site] but found [Automation Practice Site]">
      <![CDATA[java.lang.AssertionError: expected [Automation Practice site] but found [Automation Practice Site]
at com.tests.HomeTest.verifyTitle(HomeTest.java:59)
at java.base/java.util.ArrayList.forEach(ArrayList.java:1511)
... Removed 37 stack frames]]>
    </failure>
  </testcase> <!-- verifyTitle -->
  <testcase classname="com.tests.HomeTest" name="verifyNewArrivalsIsDisplayed" time="0.246"/>
  <testcase classname="com.tests.MyAccountTest" name="loginToMyAccount" time="2.552"/>
  <testcase classname="com.tests.MyAccountTest" name="verifyPageTitle" time="0.01"/>
  <testcase classname="com.tests.BaseTest" name="@BeforeTest initDriver" time="0.0">
    <ignored/>
  </testcase> <!-- @BeforeTest initDriver -->
  <testcase classname="com.tests.BaseTest" name="@BeforeTest initDriver" time="0.0">
    <ignored/>
  </testcase> <!-- @BeforeTest initDriver -->
  <testcase classname="com.tests.BaseTest" name="@AfterTest tearDown" time="0.0">
    <ignored/>
  </testcase> <!-- @AfterTest tearDown -->
  <testcase classname="com.tests.BaseTest" name="@AfterTest tearDown" time="0.0">
    <ignored/>
  </testcase> <!-- @AfterTest tearDown -->
  <testcase classname="com.tests.BaseTest" name="@BeforeTest setupExtentEnv" time="0.0">
    <ignored/>
  </testcase> <!-- @BeforeTest setupExtentEnv -->
  <testcase classname="com.tests.BaseTest" name="@BeforeTest setupExtentEnv" time="0.0">
    <ignored/>
  </testcase> <!-- @BeforeTest setupExtentEnv -->
  <testcase classname="com.tests.BaseTest" name="@BeforeSuite propertySetup" time="0.0">
    <ignored/>
  </testcase> <!-- @BeforeSuite propertySetup -->
  <testcase classname="com.tests.BaseTest" name="@BeforeSuite propertySetup" time="0.0">
    <ignored/>
  </testcase> <!-- @BeforeSuite propertySetup -->
  <testcase classname="com.tests.BaseTest" name="@AfterTest cleanup" time="0.0">
    <ignored/>
  </testcase> <!-- @AfterTest cleanup -->
  <testcase classname="com.tests.BaseTest" name="@AfterTest cleanup" time="0.0">
    <ignored/>
  </testcase> <!-- @AfterTest cleanup -->
</testsuite> <!-- Surefire test -->
