<?xml version="1.0" encoding="UTF-8"?>
<testsuite xmlns:xsi="http://www.w3.org/2001/XMLSchema-instance" xsi:noNamespaceSchemaLocation="https://maven.apache.org/surefire/maven-surefire-plugin/xsd/surefire-test-report.xsd" name="TestSuite" time="23.763" tests="6" errors="0" skipped="0" failures="1">
  <properties>
[...]
</properties>
  <testcase name="verifyBookTitles" classname="com.tests.HomeTest" time="0.597"/>
  <testcase name="verifyHomePageThreeSliders" classname="com.tests.HomeTest" time="0.036"/>
  <testcase name="verifyTitle" classname="com.tests.HomeTest" time="0.053">
    <failure message="expected [Automation Practice site] but found [Automation Practice Site]" type="java.lang.AssertionError">java.lang.AssertionError: expected [Automation Practice site] but found [Automation Practice Site]
	at com.tests.HomeTest.verifyTitle(HomeTest.java:59)
</failure>
  </testcase>
  <testcase name="verifyNewArrivalsIsDisplayed" classname="com.tests.HomeTest" time="0.246"/>
  <testcase name="loginToMyAccount" classname="com.tests.MyAccountTest" time="2.55"/>
  <testcase name="verifyPageTitle" classname="com.tests.MyAccountTest" time="0.011"/>
</testsuite>