-------------------------------------------------------------------------------
Test set: TestSuite
-------------------------------------------------------------------------------
Tests run: 6, Failures: 1, Errors: 0, Skipped: 0, Time elapsed: 23.763 s <<< FAILURE! - in TestSuite
verifyTitle(com.tests.HomeTest)  Time elapsed: 0.053 s  <<< FAILURE!
java.lang.AssertionError: expected [Automation Practice site] but found [Automation Practice Site]
	at com.tests.HomeTest.verifyTitle(HomeTest.java:59)

